2018-12-15 16:50:04,658 WARN  [org.jboss.as.domain.management.security] (MSC service thread 1-1) WFLYDM0111: Keystore C:\Users\Evgeny\eclipse-workspace1\wildfly-14.0.1.Final\wildfly-14.0.1.Final\standalone\configuration\application.keystore not found, it will be auto generated on first use with a self signed certificate for host localhost
2018-12-15 16:50:04,678 INFO  [org.jboss.as.server.deployment.scanner] (MSC service thread 1-4) WFLYDS0013: Started FileSystemDeploymentService for directory C:\Users\Evgeny\eclipse-workspace1\wildfly-14.0.1.Final\wildfly-14.0.1.Final\standalone\deployments
2018-12-15 16:50:04,706 INFO  [org.jboss.as.server.deployment] (MSC service thread 1-5) WFLYSRV0027: Starting deployment of "ApplicationPipe.ear" (runtime-name: "ApplicationPipe.ear")
2018-12-15 16:50:05,050 INFO  [org.apache.activemq.artemis.core.server] (ServerService Thread Pool -- 78) AMQ221000: live Message Broker is starting with configuration Broker Configuration (clustered=false,journalDirectory=C:\Users\Evgeny\eclipse-workspace1\wildfly-14.0.1.Final\wildfly-14.0.1.Final\standalone\data\activemq\journal,bindingsDirectory=C:\Users\Evgeny\eclipse-workspace1\wildfly-14.0.1.Final\wildfly-14.0.1.Final\standalone\data\activemq\bindings,largeMessagesDirectory=C:\Users\Evgeny\eclipse-workspace1\wildfly-14.0.1.Final\wildfly-14.0.1.Final\standalone\data\activemq\largemessages,pagingDirectory=C:\Users\Evgeny\eclipse-workspace1\wildfly-14.0.1.Final\wildfly-14.0.1.Final\standalone\data\activemq\paging)
2018-12-15 16:50:05,134 INFO  [org.wildfly.extension.undertow] (MSC service thread 1-8) WFLYUT0006: Undertow HTTPS listener https listening on 127.0.0.1:8443
2018-12-15 16:50:05,162 INFO  [org.apache.activemq.artemis.core.server] (ServerService Thread Pool -- 78) AMQ221013: Using NIO Journal
2018-12-15 16:50:05,309 INFO  [org.apache.activemq.artemis.core.server] (ServerService Thread Pool -- 78) AMQ221057: Global Max Size is being adjusted to 1/2 of the JVM max size (-Xmx). being defined as 238,813,184
2018-12-15 16:50:05,391 INFO  [org.apache.activemq.artemis.core.server] (ServerService Thread Pool -- 78) AMQ221043: Protocol module found: [artemis-server]. Adding protocol support for: CORE
2018-12-15 16:50:05,392 INFO  [org.apache.activemq.artemis.core.server] (ServerService Thread Pool -- 78) AMQ221043: Protocol module found: [artemis-amqp-protocol]. Adding protocol support for: AMQP
2018-12-15 16:50:05,393 INFO  [org.apache.activemq.artemis.core.server] (ServerService Thread Pool -- 78) AMQ221043: Protocol module found: [artemis-hornetq-protocol]. Adding protocol support for: HORNETQ
2018-12-15 16:50:05,428 INFO  [org.apache.activemq.artemis.core.server] (ServerService Thread Pool -- 78) AMQ221043: Protocol module found: [artemis-stomp-protocol]. Adding protocol support for: STOMP
2018-12-15 16:50:05,559 INFO  [org.apache.activemq.artemis.core.server] (ServerService Thread Pool -- 78) AMQ221034: Waiting indefinitely to obtain live lock
2018-12-15 16:50:05,559 INFO  [org.apache.activemq.artemis.core.server] (ServerService Thread Pool -- 78) AMQ221035: Live Server Obtained live lock
2018-12-15 16:50:05,869 INFO  [org.wildfly.extension.messaging-activemq] (MSC service thread 1-2) WFLYMSGAMQ0016: Registered HTTP upgrade for activemq-remoting protocol handled by http-acceptor-throughput acceptor
2018-12-15 16:50:05,869 INFO  [org.wildfly.extension.messaging-activemq] (MSC service thread 1-1) WFLYMSGAMQ0016: Registered HTTP upgrade for activemq-remoting protocol handled by http-acceptor-throughput acceptor
2018-12-15 16:50:05,869 INFO  [org.wildfly.extension.messaging-activemq] (MSC service thread 1-3) WFLYMSGAMQ0016: Registered HTTP upgrade for activemq-remoting protocol handled by http-acceptor acceptor
2018-12-15 16:50:05,869 INFO  [org.wildfly.extension.messaging-activemq] (MSC service thread 1-7) WFLYMSGAMQ0016: Registered HTTP upgrade for activemq-remoting protocol handled by http-acceptor acceptor
2018-12-15 16:50:06,043 INFO  [org.apache.activemq.artemis.core.server] (ServerService Thread Pool -- 78) AMQ221007: Server is now live
2018-12-15 16:50:06,043 INFO  [org.apache.activemq.artemis.core.server] (ServerService Thread Pool -- 78) AMQ221001: Apache ActiveMQ Artemis Message Broker version 2.6.3.jbossorg-001 [default, nodeID=b55cbd26-0078-11e9-9642-e0946794510b] 
2018-12-15 16:50:06,090 INFO  [org.wildfly.extension.messaging-activemq] (MSC service thread 1-4) WFLYMSGAMQ0006: Unbound messaging object to jndi name java:jboss/DefaultJMSConnectionFactory
2018-12-15 16:50:06,173 INFO  [org.wildfly.extension.messaging-activemq] (ServerService Thread Pool -- 81) WFLYMSGAMQ0002: Bound messaging object to jndi name java:jboss/exported/jms/RemoteConnectionFactory
2018-12-15 16:50:06,175 INFO  [org.wildfly.extension.messaging-activemq] (ServerService Thread Pool -- 80) WFLYMSGAMQ0002: Bound messaging object to jndi name java:/ConnectionFactory
2018-12-15 16:50:06,194 INFO  [org.jboss.as.connector.deployment] (MSC service thread 1-7) WFLYJCA0007: Registered connection factory java:/JmsXA
2018-12-15 16:50:06,195 INFO  [org.jboss.as.connector.deployment] (MSC service thread 1-8) WFLYJCA0011: Unbound JCA ConnectionFactory [java:/JmsXA]
2018-12-15 16:50:06,300 INFO  [org.apache.activemq.artemis.ra] (MSC service thread 1-7) AMQ151007: Resource adaptor started
2018-12-15 16:50:06,300 INFO  [org.jboss.as.connector.services.resourceadapters.ResourceAdapterActivatorService$ResourceAdapterActivator] (MSC service thread 1-7) IJ020002: Deployed: file://RaActivatoractivemq-ra
2018-12-15 16:50:06,306 INFO  [org.jboss.as.connector.deployment] (MSC service thread 1-7) WFLYJCA0002: Bound JCA ConnectionFactory [java:/JmsXA]
2018-12-15 16:50:06,306 INFO  [org.wildfly.extension.messaging-activemq] (MSC service thread 1-8) WFLYMSGAMQ0002: Bound messaging object to jndi name java:jboss/DefaultJMSConnectionFactory
2018-12-15 16:50:07,158 INFO  [org.jboss.ws.common.management] (MSC service thread 1-5) JBWS022052: Starting JBossWS 5.2.3.Final (Apache CXF 3.2.5.jbossorg-1) 
2018-12-15 16:50:10,174 INFO  [org.infinispan.factories.GlobalComponentRegistry] (MSC service thread 1-1) ISPN000128: Infinispan version: Infinispan 'Estrella Galicia' 9.3.1.Final
2018-12-15 16:50:10,425 INFO  [org.jboss.as.clustering.infinispan] (ServerService Thread Pool -- 79) WFLYCLINF0002: Started client-mappings cache from ejb container
2018-12-15 16:50:10,523 INFO  [org.jboss.as.server] (ServerService Thread Pool -- 45) WFLYSRV0010: Deployed "ApplicationPipe.ear" (runtime-name : "ApplicationPipe.ear")
2018-12-15 16:50:10,613 INFO  [org.jboss.as.server] (Controller Boot Thread) WFLYSRV0212: Resuming server
2018-12-15 16:50:10,615 INFO  [org.jboss.as] (Controller Boot Thread) WFLYSRV0060: Http management interface listening on http://127.0.0.1:9990/management
2018-12-15 16:50:10,615 INFO  [org.jboss.as] (Controller Boot Thread) WFLYSRV0051: Admin console listening on http://127.0.0.1:9990
2018-12-15 16:50:10,615 INFO  [org.jboss.as] (Controller Boot Thread) WFLYSRV0025: WildFly Full 14.0.1.Final (WildFly Core 6.0.2.Final) started in 31034ms - Started 412 of 598 services (340 services are lazy, passive or on-demand)
2018-12-15 17:19:05,276 INFO  [org.jboss.modules] (main) JBoss Modules version 1.8.6.Final
2018-12-15 17:19:05,823 INFO  [org.jboss.msc] (main) JBoss MSC version 1.4.3.Final
2018-12-15 17:19:05,838 INFO  [org.jboss.threads] (main) JBoss Threads version 2.3.2.Final
2018-12-15 17:19:05,983 INFO  [org.jboss.as] (MSC service thread 1-2) WFLYSRV0049: WildFly Full 14.0.1.Final (WildFly Core 6.0.2.Final) starting
2018-12-15 17:19:05,999 DEBUG [org.jboss.as.config] (MSC service thread 1-2) Configured system properties:
	awt.toolkit = sun.awt.windows.WToolkit
	file.encoding = Cp1252
	file.encoding.pkg = sun.io
	file.separator = \
	java.awt.graphicsenv = sun.awt.Win32GraphicsEnvironment
	java.awt.headless = true
	java.awt.printerjob = sun.awt.windows.WPrinterJob
	java.class.path = C:\Users\Evgeny\eclipse-workspace1\wildfly-14.0.1.Final\wildfly-14.0.1.Final\jboss-modules.jar
	java.class.version = 52.0
	java.endorsed.dirs = C:\Program Files\Java\jre1.8.0_181\lib\endorsed
	java.ext.dirs = C:\Program Files\Java\jre1.8.0_181\lib\ext;C:\WINDOWS\Sun\Java\lib\ext
	java.home = C:\Program Files\Java\jre1.8.0_181
	java.io.tmpdir = C:\Users\Evgeny\AppData\Local\Temp\
	java.library.path = C:\Program Files\Java\jre1.8.0_181\bin;C:\WINDOWS\Sun\Java\bin;C:\WINDOWS\system32;C:\WINDOWS;native;C:/Program Files/Java/jre1.8.0_181/bin/server;C:/Program Files/Java/jre1.8.0_181/bin;C:/Program Files/Java/jre1.8.0_181/lib/amd64;C:\Python27\;C:\Python27\Scripts;C:\ProgramData\Boxstarter;C:\ProgramData\Oracle\Java\javapath;C:\Program Files (x86)\Intel\iCLS Client\;C:\Program Files\Intel\iCLS Client\;C:\WINDOWS\system32;C:\WINDOWS;C:\WINDOWS\System32\Wbem;C:\WINDOWS\System32\WindowsPowerShell\v1.0\;c:\Program Files\Intel\IntelSGXPSW\bin\x64\Release\;c:\Program Files\Intel\IntelSGXPSW\bin\win32\Release\;C:\Program Files (x86)\Intel\Intel(R) Management Engine Components\DAL;C:\Program Files\Intel\Intel(R) Management Engine Components\DAL;C:\Program Files (x86)\Intel\Intel(R) Management Engine Components\IPT;C:\Program Files\Intel\Intel(R) Management Engine Components\IPT;C:\Program Files\Microsoft SQL Server\120\Tools\Binn\;C:\Program Files\Microsoft SQL Server\130\Tools\Binn\;C:\Program Files\Git\cmd;C:\Users\Evgeny\.dnx\bin;C:\Program Files\Microsoft DNX\Dnvm\;C:\Program Files (x86)\Windows Kits\8.1\Windows Performance Toolkit\;C:\Program Files\PuTTY\;C:\Program Files\Microsoft SQL Server\Client SDK\ODBC\110\Tools\Binn\;C:\Program Files (x86)\Microsoft SQL Server\120\Tools\Binn\;C:\Program Files\Microsoft SQL Server\120\DTS\Binn\;C:\Program Files (x86)\Microsoft SQL Server\120\Tools\Binn\ManagementStudio\;C:\Program Files (x86)\Microsoft SQL Server\120\DTS\Binn\;C:\WINDOWS\System32\OpenSSH\;C:\Program Files\Intel\WiFi\bin\;C:\Program Files\Common Files\Intel\WirelessCommon\;C:\Program Files\dotnet\;C:\Program Files (x86)\Yarn\bin\;C:\Program Files\nodejs\;C:\ProgramData\chocolatey\bin;C:\Users\Evgeny\AppData\Local\Programs\Python\Python37\Scripts\;C:\Users\Evgeny\AppData\Local\Programs\Python\Python37\;C:\Users\Evgeny\AppData\Local\Programs\Python\Python37-32\Scripts\;C:\Users\Evgeny\AppData\Local\Programs\Python\Python37-32\;C:\Users\Evgeny\AppData\Local\Microsoft\WindowsApps;C:\Program Files\Intel\WiFi\bin\;C:\Program Files\Common Files\Intel\WirelessCommon\;C:\Users\Evgeny\AppData\Local\GitHubDesktop\bin;C:\Users\Evgeny\AppData\Local\atom\bin;C:\Users\Evgeny\AppData\Local\Yarn\bin;C:\Users\Evgeny\AppData\Roaming\npm;C:\Program Files\JetBrains\PyCharm Community Edition 2018.3\bin;;C:\Users\Evgeny\Downloads\eclipse-jee-2018-09-win32-x86_64\eclipse;;.
	java.net.preferIPv4Stack = true
	java.runtime.name = Java(TM) SE Runtime Environment
	java.runtime.version = 1.8.0_181-b13
	java.specification.name = Java Platform API Specification
	java.specification.vendor = Oracle Corporation
	java.specification.version = 1.8
	java.util.logging.manager = org.jboss.logmanager.LogManager
	java.vendor = Oracle Corporation
	java.vendor.url = http://java.oracle.com/
	java.vendor.url.bug = http://bugreport.sun.com/bugreport/
	java.version = 1.8.0_181
	java.vm.info = mixed mode
	java.vm.name = Java HotSpot(TM) 64-Bit Server VM
	java.vm.specification.name = Java Virtual Machine Specification
	java.vm.specification.vendor = Oracle Corporation
	java.vm.specification.version = 1.8
	java.vm.vendor = Oracle Corporation
	java.vm.version = 25.181-b13
	javax.management.builder.initial = org.jboss.as.jmx.PluggableMBeanServerBuilder
	jboss.bind.address = localhost
	jboss.bind.address.management = localhost
	jboss.home.dir = C:\Users\Evgeny\eclipse-workspace1\wildfly-14.0.1.Final\wildfly-14.0.1.Final
	jboss.host.name = laptop-h8er5l3u
	jboss.modules.dir = C:\Users\Evgeny\eclipse-workspace1\wildfly-14.0.1.Final\wildfly-14.0.1.Final\modules
	jboss.modules.system.pkgs = org.jboss.byteman
	jboss.node.name = laptop-h8er5l3u
	jboss.qualified.host.name = laptop-h8er5l3u
	jboss.server.base.dir = C:\Users\Evgeny\eclipse-workspace1\wildfly-14.0.1.Final\wildfly-14.0.1.Final\standalone
	jboss.server.config.dir = C:\Users\Evgeny\eclipse-workspace1\wildfly-14.0.1.Final\wildfly-14.0.1.Final\standalone\configuration
	jboss.server.data.dir = C:\Users\Evgeny\eclipse-workspace1\wildfly-14.0.1.Final\wildfly-14.0.1.Final\standalone\data
	jboss.server.deploy.dir = C:\Users\Evgeny\eclipse-workspace1\wildfly-14.0.1.Final\wildfly-14.0.1.Final\standalone\data\content
	jboss.server.log.dir = C:\Users\Evgeny\eclipse-workspace1\wildfly-14.0.1.Final\wildfly-14.0.1.Final\standalone\log
	jboss.server.name = laptop-h8er5l3u
	jboss.server.persist.config = true
	jboss.server.temp.dir = C:\Users\Evgeny\eclipse-workspace1\wildfly-14.0.1.Final\wildfly-14.0.1.Final\standalone\tmp
	line.separator = 

	logging.configuration = file:C:\Users\Evgeny\eclipse-workspace1\wildfly-14.0.1.Final\wildfly-14.0.1.Final\standalone\configuration\logging.properties
	module.path = C:\Users\Evgeny\eclipse-workspace1\wildfly-14.0.1.Final\wildfly-14.0.1.Final\modules
	org.jboss.boot.log.file = C:\Users\Evgeny\eclipse-workspace1\wildfly-14.0.1.Final\wildfly-14.0.1.Final\standalone\log\boot.log
	org.jboss.logmanager.nocolor = true
	org.jboss.resolver.warning = true
	os.arch = amd64
	os.name = Windows 10
	os.version = 10.0
	path.separator = ;
	program.name = JBossTools: WildFly 14
	sun.arch.data.model = 64
	sun.boot.class.path = C:\Program Files\Java\jre1.8.0_181\lib\resources.jar;C:\Program Files\Java\jre1.8.0_181\lib\rt.jar;C:\Program Files\Java\jre1.8.0_181\lib\sunrsasign.jar;C:\Program Files\Java\jre1.8.0_181\lib\jsse.jar;C:\Program Files\Java\jre1.8.0_181\lib\jce.jar;C:\Program Files\Java\jre1.8.0_181\lib\charsets.jar;C:\Program Files\Java\jre1.8.0_181\lib\jfr.jar;C:\Program Files\Java\jre1.8.0_181\classes
	sun.boot.library.path = C:\Program Files\Java\jre1.8.0_181\bin
	sun.cpu.endian = little
	sun.cpu.isalist = amd64
	sun.desktop = windows
	sun.io.unicode.encoding = UnicodeLittle
	sun.java.command = org.jboss.modules.Main -mp C:\Users\Evgeny\eclipse-workspace1\wildfly-14.0.1.Final\wildfly-14.0.1.Final\modules org.jboss.as.standalone -b localhost --server-config=standalone-full.xml -Djboss.server.base.dir=C:\Users\Evgeny\eclipse-workspace1\wildfly-14.0.1.Final\wildfly-14.0.1.Final\standalone
	sun.java.launcher = SUN_STANDARD
	sun.jnu.encoding = Cp1252
	sun.management.compiler = HotSpot 64-Bit Tiered Compilers
	sun.os.patch.level = 
	sun.rmi.dgc.client.gcInterval = 3600000
	sun.rmi.dgc.server.gcInterval = 3600000
	user.country = US
	user.dir = C:\Users\Evgeny\eclipse-workspace1\wildfly-14.0.1.Final\wildfly-14.0.1.Final\bin
	user.home = C:\Users\Evgeny
	user.language = en
	user.name = Evgeny
	user.script = 
	user.timezone = Asia/Jerusalem
	user.variant = 
2018-12-15 17:19:05,999 DEBUG [org.jboss.as.config] (MSC service thread 1-2) VM Arguments: -Dprogram.name=JBossTools: WildFly 14 -Xms64m -Xmx512m -Dorg.jboss.resolver.warning=true -Djava.net.preferIPv4Stack=true -Dsun.rmi.dgc.client.gcInterval=3600000 -Dsun.rmi.dgc.server.gcInterval=3600000 -Djboss.modules.system.pkgs=org.jboss.byteman -Djava.awt.headless=true -Dorg.jboss.boot.log.file=C:\Users\Evgeny\eclipse-workspace1\wildfly-14.0.1.Final\wildfly-14.0.1.Final\standalone\log\boot.log -Dlogging.configuration=file:C:\Users\Evgeny\eclipse-workspace1\wildfly-14.0.1.Final\wildfly-14.0.1.Final\standalone\configuration\logging.properties -Djboss.home.dir=C:\Users\Evgeny\eclipse-workspace1\wildfly-14.0.1.Final\wildfly-14.0.1.Final -Dorg.jboss.logmanager.nocolor=true -Djboss.bind.address.management=localhost -Dfile.encoding=Cp1252 
2018-12-15 17:19:07,209 INFO  [org.wildfly.security] (ServerService Thread Pool -- 28) ELY00001: WildFly Elytron version 1.6.0.Final
2018-12-15 17:19:08,025 INFO  [org.jboss.as.controller.management-deprecated] (Controller Boot Thread) WFLYCTL0028: Attribute 'security-realm' in the resource at address '/core-service=management/management-interface=http-interface' is deprecated, and may be removed in a future version. See the attribute description in the output of the read-resource-description operation to learn more about the deprecation.
2018-12-15 17:19:08,103 INFO  [org.jboss.as.controller.management-deprecated] (ServerService Thread Pool -- 31) WFLYCTL0028: Attribute 'security-realm' in the resource at address '/subsystem=undertow/server=default-server/https-listener=https' is deprecated, and may be removed in a future version. See the attribute description in the output of the read-resource-description operation to learn more about the deprecation.
2018-12-15 17:19:08,197 INFO  [org.jboss.as.server.deployment.scanner] (DeploymentScanner-threads - 1) WFLYDS0004: Found ApplicationPipe.ear in deployment directory. To trigger deployment create a file called ApplicationPipe.ear.dodeploy
2018-12-15 17:19:08,228 INFO  [org.jboss.as.server] (Controller Boot Thread) WFLYSRV0039: Creating http management service using socket-binding (management-http)
2018-12-15 17:19:08,258 INFO  [org.xnio] (MSC service thread 1-8) XNIO version 3.6.5.Final
2018-12-15 17:19:08,274 INFO  [org.xnio.nio] (MSC service thread 1-8) XNIO NIO Implementation Version 3.6.5.Final
2018-12-15 17:19:08,368 INFO  [org.jboss.as.connector.subsystems.datasources] (ServerService Thread Pool -- 44) WFLYJCA0004: Deploying JDBC-compliant driver class org.h2.Driver (version 1.4)
2018-12-15 17:19:08,399 INFO  [org.wildfly.iiop.openjdk] (ServerService Thread Pool -- 51) WFLYIIOP0001: Activating IIOP Subsystem
2018-12-15 17:19:08,430 INFO  [org.jboss.as.clustering.infinispan] (ServerService Thread Pool -- 52) WFLYCLINF0001: Activating Infinispan subsystem.
2018-12-15 17:19:08,430 INFO  [org.wildfly.extension.microprofile.opentracing] (ServerService Thread Pool -- 65) WFLYTRACEXT0001: Activating MicroProfile OpenTracing Subsystem
2018-12-15 17:19:08,430 INFO  [org.wildfly.extension.microprofile.config.smallrye._private] (ServerService Thread Pool -- 63) WFLYCONF0001: Activating WildFly MicroProfile Config Subsystem
2018-12-15 17:19:08,446 INFO  [org.jboss.as.naming] (ServerService Thread Pool -- 66) WFLYNAM0001: Activating Naming Subsystem
2018-12-15 17:19:08,462 INFO  [org.wildfly.extension.microprofile.health.smallrye] (ServerService Thread Pool -- 64) WFLYHEALTH0001: Activating Eclipse MicroProfile Health Subsystem
2018-12-15 17:19:08,493 INFO  [org.jboss.as.jsf] (ServerService Thread Pool -- 59) WFLYJSF0007: Activated the following JSF Implementations: [main]
2018-12-15 17:19:08,493 INFO  [org.jboss.as.connector] (MSC service thread 1-6) WFLYJCA0009: Starting JCA Subsystem (WildFly/IronJacamar 1.4.11.Final)
2018-12-15 17:19:08,493 INFO  [org.jboss.as.mail.extension] (MSC service thread 1-1) WFLYMAIL0002: Unbound mail session [java:jboss/mail/Default]
2018-12-15 17:19:08,493 INFO  [org.jboss.as.connector.subsystems.datasources] (MSC service thread 1-1) WFLYJCA0010: Unbound data source [java:jboss/datasources/ExampleDS]
2018-12-15 17:19:08,508 INFO  [org.jboss.as.connector.deployers.jdbc] (MSC service thread 1-6) WFLYJCA0018: Started Driver service with driver-name = h2
2018-12-15 17:19:08,540 INFO  [org.jboss.as.naming] (MSC service thread 1-3) WFLYNAM0003: Starting Naming Service
2018-12-15 17:19:08,540 INFO  [org.jboss.as.mail.extension] (MSC service thread 1-5) WFLYMAIL0001: Bound mail session [java:jboss/mail/Default]
2018-12-15 17:19:08,649 WARN  [org.jboss.as.txn] (ServerService Thread Pool -- 74) WFLYTX0013: The node-identifier attribute on the /subsystem=transactions is set to the default value. This is a danger for environments running multiple servers. Please make sure the attribute value is unique.
2018-12-15 17:19:08,649 INFO  [org.jboss.as.security] (ServerService Thread Pool -- 72) WFLYSEC0002: Activating Security Subsystem
2018-12-15 17:19:08,649 INFO  [org.jboss.as.jaxrs] (ServerService Thread Pool -- 54) WFLYRS0016: RESTEasy version 3.6.1.Final
2018-12-15 17:19:08,665 INFO  [org.jboss.as.webservices] (ServerService Thread Pool -- 76) WFLYWS0002: Activating WebServices Extension
2018-12-15 17:19:08,665 INFO  [org.jboss.as.security] (MSC service thread 1-1) WFLYSEC0001: Current PicketBox version=5.0.3.Final
2018-12-15 17:19:08,680 INFO  [org.wildfly.extension.undertow] (MSC service thread 1-6) WFLYUT0003: Undertow 2.0.13.Final starting
2018-12-15 17:19:08,712 WARN  [org.apache.activemq.artemis.core.server] (ServerService Thread Pool -- 62) AMQ222269: Please use a fixed value for "journal-pool-files". Default changed per https://issues.apache.org/jira/browse/ARTEMIS-1628
2018-12-15 17:19:08,712 INFO  [org.apache.activemq.artemis.core.server] (ServerService Thread Pool -- 62) AMQ221075: Usage of wildcardRoutingEnabled configuration property is deprecated, please use wildCardConfiguration.enabled instead
2018-12-15 17:19:08,821 INFO  [org.wildfly.extension.undertow] (ServerService Thread Pool -- 75) WFLYUT0014: Creating file handler for path 'C:\Users\Evgeny\eclipse-workspace1\wildfly-14.0.1.Final\wildfly-14.0.1.Final/welcome-content' with options [directory-listing: 'false', follow-symlink: 'false', case-sensitive: 'true', safe-symlink-paths: '[]']
2018-12-15 17:19:09,371 INFO  [org.wildfly.extension.io] (ServerService Thread Pool -- 53) WFLYIO001: Worker 'default' has auto-configured to 8 core threads with 64 task threads based on your 4 available processors
2018-12-15 17:19:09,390 INFO  [org.jboss.as.ejb3] (MSC service thread 1-6) WFLYEJB0482: Strict pool mdb-strict-max-pool is using a max instance size of 16 (per class), which is derived from the number of CPUs on this host.
2018-12-15 17:19:09,390 INFO  [org.jboss.as.ejb3] (MSC service thread 1-4) WFLYEJB0481: Strict pool slsb-strict-max-pool is using a max instance size of 64 (per class), which is derived from thread worker pool sizing.
2018-12-15 17:19:09,675 INFO  [org.jboss.as.patching] (MSC service thread 1-1) WFLYPAT0050: WildFly Full cumulative patch ID is: base, one-off patches include: none
2018-12-15 17:19:09,706 WARN  [org.jboss.as.domain.management.security] (MSC service thread 1-4) WFLYDM0111: Keystore C:\Users\Evgeny\eclipse-workspace1\wildfly-14.0.1.Final\wildfly-14.0.1.Final\standalone\configuration\application.keystore not found, it will be auto generated on first use with a self signed certificate for host localhost
2018-12-15 17:19:09,706 INFO  [org.wildfly.extension.undertow] (MSC service thread 1-6) WFLYUT0012: Started server default-server.
2018-12-15 17:19:09,706 INFO  [org.wildfly.extension.undertow] (MSC service thread 1-7) WFLYUT0018: Host default-host starting
2018-12-15 17:19:09,737 INFO  [org.jboss.as.server.deployment.scanner] (MSC service thread 1-3) WFLYDS0013: Started FileSystemDeploymentService for directory C:\Users\Evgeny\eclipse-workspace1\wildfly-14.0.1.Final\wildfly-14.0.1.Final\standalone\deployments
2018-12-15 17:19:09,753 INFO  [org.jboss.remoting] (MSC service thread 1-8) JBoss Remoting version 5.0.8.Final
2018-12-15 17:19:09,815 INFO  [org.jboss.as.server.deployment] (MSC service thread 1-3) WFLYSRV0027: Starting deployment of "ApplicationPipe.ear" (runtime-name: "ApplicationPipe.ear")
2018-12-15 17:19:09,847 INFO  [org.wildfly.extension.undertow] (MSC service thread 1-6) WFLYUT0006: Undertow HTTP listener default listening on 127.0.0.1:8080
2018-12-15 17:19:09,893 INFO  [org.wildfly.extension.messaging-activemq] (MSC service thread 1-8) WFLYMSGAMQ0001: AIO wasn't located on this platform, it will fall back to using pure Java NIO.
2018-12-15 17:19:09,925 INFO  [org.jboss.as.ejb3] (MSC service thread 1-6) WFLYEJB0493: EJB subsystem suspension complete
2018-12-15 17:19:10,003 INFO  [org.apache.activemq.artemis.core.server] (ServerService Thread Pool -- 78) AMQ221000: live Message Broker is starting with configuration Broker Configuration (clustered=false,journalDirectory=C:\Users\Evgeny\eclipse-workspace1\wildfly-14.0.1.Final\wildfly-14.0.1.Final\standalone\data\activemq\journal,bindingsDirectory=C:\Users\Evgeny\eclipse-workspace1\wildfly-14.0.1.Final\wildfly-14.0.1.Final\standalone\data\activemq\bindings,largeMessagesDirectory=C:\Users\Evgeny\eclipse-workspace1\wildfly-14.0.1.Final\wildfly-14.0.1.Final\standalone\data\activemq\largemessages,pagingDirectory=C:\Users\Evgeny\eclipse-workspace1\wildfly-14.0.1.Final\wildfly-14.0.1.Final\standalone\data\activemq\paging)
2018-12-15 17:19:10,034 INFO  [org.jboss.as.connector.subsystems.datasources] (MSC service thread 1-5) WFLYJCA0001: Bound data source [java:jboss/datasources/ExampleDS]
2018-12-15 17:19:10,096 INFO  [org.apache.activemq.artemis.core.server] (ServerService Thread Pool -- 78) AMQ221013: Using NIO Journal
2018-12-15 17:19:10,190 INFO  [org.apache.activemq.artemis.core.server] (ServerService Thread Pool -- 78) AMQ221057: Global Max Size is being adjusted to 1/2 of the JVM max size (-Xmx). being defined as 238,813,184
2018-12-15 17:19:10,214 INFO  [org.wildfly.iiop.openjdk] (MSC service thread 1-7) WFLYIIOP0009: CORBA ORB Service started
2018-12-15 17:19:10,240 INFO  [org.apache.activemq.artemis.core.server] (ServerService Thread Pool -- 78) AMQ221043: Protocol module found: [artemis-server]. Adding protocol support for: CORE
2018-12-15 17:19:10,240 INFO  [org.apache.activemq.artemis.core.server] (ServerService Thread Pool -- 78) AMQ221043: Protocol module found: [artemis-amqp-protocol]. Adding protocol support for: AMQP
2018-12-15 17:19:10,240 INFO  [org.apache.activemq.artemis.core.server] (ServerService Thread Pool -- 78) AMQ221043: Protocol module found: [artemis-hornetq-protocol]. Adding protocol support for: HORNETQ
2018-12-15 17:19:10,240 INFO  [org.apache.activemq.artemis.core.server] (ServerService Thread Pool -- 78) AMQ221043: Protocol module found: [artemis-stomp-protocol]. Adding protocol support for: STOMP
2018-12-15 17:19:10,365 INFO  [org.apache.activemq.artemis.core.server] (ServerService Thread Pool -- 78) AMQ221034: Waiting indefinitely to obtain live lock
2018-12-15 17:19:10,365 INFO  [org.apache.activemq.artemis.core.server] (ServerService Thread Pool -- 78) AMQ221035: Live Server Obtained live lock
2018-12-15 17:19:10,535 INFO  [org.wildfly.extension.undertow] (MSC service thread 1-6) WFLYUT0006: Undertow HTTPS listener https listening on 127.0.0.1:8443
2018-12-15 17:19:10,613 INFO  [org.jboss.ws.common.management] (MSC service thread 1-4) JBWS022052: Starting JBossWS 5.2.3.Final (Apache CXF 3.2.5.jbossorg-1) 
2018-12-15 17:19:10,804 INFO  [org.wildfly.extension.messaging-activemq] (MSC service thread 1-6) WFLYMSGAMQ0016: Registered HTTP upgrade for activemq-remoting protocol handled by http-acceptor-throughput acceptor
2018-12-15 17:19:10,804 INFO  [org.wildfly.extension.messaging-activemq] (MSC service thread 1-5) WFLYMSGAMQ0016: Registered HTTP upgrade for activemq-remoting protocol handled by http-acceptor acceptor
2018-12-15 17:19:10,804 INFO  [org.wildfly.extension.messaging-activemq] (MSC service thread 1-7) WFLYMSGAMQ0016: Registered HTTP upgrade for activemq-remoting protocol handled by http-acceptor-throughput acceptor
2018-12-15 17:19:10,804 INFO  [org.wildfly.extension.messaging-activemq] (MSC service thread 1-4) WFLYMSGAMQ0016: Registered HTTP upgrade for activemq-remoting protocol handled by http-acceptor acceptor
2018-12-15 17:19:10,913 INFO  [org.apache.activemq.artemis.core.server] (ServerService Thread Pool -- 78) AMQ221007: Server is now live
2018-12-15 17:19:10,913 INFO  [org.apache.activemq.artemis.core.server] (ServerService Thread Pool -- 78) AMQ221001: Apache ActiveMQ Artemis Message Broker version 2.6.3.jbossorg-001 [default, nodeID=b55cbd26-0078-11e9-9642-e0946794510b] 
2018-12-15 17:19:10,947 INFO  [org.wildfly.extension.messaging-activemq] (ServerService Thread Pool -- 78) WFLYMSGAMQ0002: Bound messaging object to jndi name java:jboss/exported/jms/RemoteConnectionFactory
2018-12-15 17:19:10,964 INFO  [org.wildfly.extension.messaging-activemq] (MSC service thread 1-8) WFLYMSGAMQ0006: Unbound messaging object to jndi name java:jboss/DefaultJMSConnectionFactory
2018-12-15 17:19:10,969 INFO  [org.wildfly.extension.messaging-activemq] (ServerService Thread Pool -- 79) WFLYMSGAMQ0002: Bound messaging object to jndi name java:/ConnectionFactory
2018-12-15 17:19:11,094 INFO  [org.jboss.as.connector.deployment] (MSC service thread 1-6) WFLYJCA0007: Registered connection factory java:/JmsXA
2018-12-15 17:19:11,094 INFO  [org.jboss.as.connector.deployment] (MSC service thread 1-2) WFLYJCA0011: Unbound JCA ConnectionFactory [java:/JmsXA]
2018-12-15 17:19:11,297 INFO  [org.apache.activemq.artemis.ra] (MSC service thread 1-6) AMQ151007: Resource adaptor started
2018-12-15 17:19:11,297 INFO  [org.jboss.as.connector.services.resourceadapters.ResourceAdapterActivatorService$ResourceAdapterActivator] (MSC service thread 1-6) IJ020002: Deployed: file://RaActivatoractivemq-ra
2018-12-15 17:19:11,312 INFO  [org.jboss.as.connector.deployment] (MSC service thread 1-5) WFLYJCA0002: Bound JCA ConnectionFactory [java:/JmsXA]
2018-12-15 17:19:11,328 INFO  [org.wildfly.extension.messaging-activemq] (MSC service thread 1-5) WFLYMSGAMQ0002: Bound messaging object to jndi name java:jboss/DefaultJMSConnectionFactory
2018-12-15 17:19:11,469 INFO  [org.infinispan.factories.GlobalComponentRegistry] (MSC service thread 1-7) ISPN000128: Infinispan version: Infinispan 'Estrella Galicia' 9.3.1.Final
2018-12-15 17:19:11,640 INFO  [org.jboss.as.clustering.infinispan] (ServerService Thread Pool -- 80) WFLYCLINF0002: Started client-mappings cache from ejb container
2018-12-15 17:19:11,706 INFO  [org.jboss.as.server] (ServerService Thread Pool -- 45) WFLYSRV0010: Deployed "ApplicationPipe.ear" (runtime-name : "ApplicationPipe.ear")
2018-12-15 17:19:11,799 INFO  [org.jboss.as.server] (Controller Boot Thread) WFLYSRV0212: Resuming server
2018-12-15 17:19:11,799 INFO  [org.jboss.as] (Controller Boot Thread) WFLYSRV0060: Http management interface listening on http://127.0.0.1:9990/management
2018-12-15 17:19:11,799 INFO  [org.jboss.as] (Controller Boot Thread) WFLYSRV0051: Admin console listening on http://127.0.0.1:9990
2018-12-15 17:19:11,799 INFO  [org.jboss.as] (Controller Boot Thread) WFLYSRV0025: WildFly Full 14.0.1.Final (WildFly Core 6.0.2.Final) started in 6955ms - Started 412 of 598 services (340 services are lazy, passive or on-demand)
2018-12-15 17:37:51,821 INFO  [org.jboss.modules] (main) JBoss Modules version 1.8.6.Final
2018-12-15 17:37:52,394 INFO  [org.jboss.msc] (main) JBoss MSC version 1.4.3.Final
2018-12-15 17:37:52,411 INFO  [org.jboss.threads] (main) JBoss Threads version 2.3.2.Final
2018-12-15 17:37:52,567 INFO  [org.jboss.as] (MSC service thread 1-2) WFLYSRV0049: WildFly Full 14.0.1.Final (WildFly Core 6.0.2.Final) starting
2018-12-15 17:37:52,567 DEBUG [org.jboss.as.config] (MSC service thread 1-2) Configured system properties:
	awt.toolkit = sun.awt.windows.WToolkit
	file.encoding = Cp1252
	file.encoding.pkg = sun.io
	file.separator = \
	java.awt.graphicsenv = sun.awt.Win32GraphicsEnvironment
	java.awt.headless = true
	java.awt.printerjob = sun.awt.windows.WPrinterJob
	java.class.path = C:\Users\Evgeny\eclipse-workspace1\wildfly-14.0.1.Final\wildfly-14.0.1.Final\jboss-modules.jar
	java.class.version = 52.0
	java.endorsed.dirs = C:\Program Files\Java\jre1.8.0_181\lib\endorsed
	java.ext.dirs = C:\Program Files\Java\jre1.8.0_181\lib\ext;C:\WINDOWS\Sun\Java\lib\ext
	java.home = C:\Program Files\Java\jre1.8.0_181
	java.io.tmpdir = C:\Users\Evgeny\AppData\Local\Temp\
	java.library.path = C:\Program Files\Java\jre1.8.0_181\bin;C:\WINDOWS\Sun\Java\bin;C:\WINDOWS\system32;C:\WINDOWS;native;C:/Program Files/Java/jre1.8.0_181/bin/server;C:/Program Files/Java/jre1.8.0_181/bin;C:/Program Files/Java/jre1.8.0_181/lib/amd64;C:\Python27\;C:\Python27\Scripts;C:\ProgramData\Boxstarter;C:\ProgramData\Oracle\Java\javapath;C:\Program Files (x86)\Intel\iCLS Client\;C:\Program Files\Intel\iCLS Client\;C:\WINDOWS\system32;C:\WINDOWS;C:\WINDOWS\System32\Wbem;C:\WINDOWS\System32\WindowsPowerShell\v1.0\;c:\Program Files\Intel\IntelSGXPSW\bin\x64\Release\;c:\Program Files\Intel\IntelSGXPSW\bin\win32\Release\;C:\Program Files (x86)\Intel\Intel(R) Management Engine Components\DAL;C:\Program Files\Intel\Intel(R) Management Engine Components\DAL;C:\Program Files (x86)\Intel\Intel(R) Management Engine Components\IPT;C:\Program Files\Intel\Intel(R) Management Engine Components\IPT;C:\Program Files\Microsoft SQL Server\120\Tools\Binn\;C:\Program Files\Microsoft SQL Server\130\Tools\Binn\;C:\Program Files\Git\cmd;C:\Users\Evgeny\.dnx\bin;C:\Program Files\Microsoft DNX\Dnvm\;C:\Program Files (x86)\Windows Kits\8.1\Windows Performance Toolkit\;C:\Program Files\PuTTY\;C:\Program Files\Microsoft SQL Server\Client SDK\ODBC\110\Tools\Binn\;C:\Program Files (x86)\Microsoft SQL Server\120\Tools\Binn\;C:\Program Files\Microsoft SQL Server\120\DTS\Binn\;C:\Program Files (x86)\Microsoft SQL Server\120\Tools\Binn\ManagementStudio\;C:\Program Files (x86)\Microsoft SQL Server\120\DTS\Binn\;C:\WINDOWS\System32\OpenSSH\;C:\Program Files\Intel\WiFi\bin\;C:\Program Files\Common Files\Intel\WirelessCommon\;C:\Program Files\dotnet\;C:\Program Files (x86)\Yarn\bin\;C:\Program Files\nodejs\;C:\ProgramData\chocolatey\bin;C:\Users\Evgeny\AppData\Local\Programs\Python\Python37\Scripts\;C:\Users\Evgeny\AppData\Local\Programs\Python\Python37\;C:\Users\Evgeny\AppData\Local\Programs\Python\Python37-32\Scripts\;C:\Users\Evgeny\AppData\Local\Programs\Python\Python37-32\;C:\Users\Evgeny\AppData\Local\Microsoft\WindowsApps;C:\Program Files\Intel\WiFi\bin\;C:\Program Files\Common Files\Intel\WirelessCommon\;C:\Users\Evgeny\AppData\Local\GitHubDesktop\bin;C:\Users\Evgeny\AppData\Local\atom\bin;C:\Users\Evgeny\AppData\Local\Yarn\bin;C:\Users\Evgeny\AppData\Roaming\npm;C:\Program Files\JetBrains\PyCharm Community Edition 2018.3\bin;;C:\Users\Evgeny\Downloads\eclipse-jee-2018-09-win32-x86_64\eclipse;;.
	java.net.preferIPv4Stack = true
	java.runtime.name = Java(TM) SE Runtime Environment
	java.runtime.version = 1.8.0_181-b13
	java.specification.name = Java Platform API Specification
	java.specification.vendor = Oracle Corporation
	java.specification.version = 1.8
	java.util.logging.manager = org.jboss.logmanager.LogManager
	java.vendor = Oracle Corporation
	java.vendor.url = http://java.oracle.com/
	java.vendor.url.bug = http://bugreport.sun.com/bugreport/
	java.version = 1.8.0_181
	java.vm.info = mixed mode
	java.vm.name = Java HotSpot(TM) 64-Bit Server VM
	java.vm.specification.name = Java Virtual Machine Specification
	java.vm.specification.vendor = Oracle Corporation
	java.vm.specification.version = 1.8
	java.vm.vendor = Oracle Corporation
	java.vm.version = 25.181-b13
	javax.management.builder.initial = org.jboss.as.jmx.PluggableMBeanServerBuilder
	jboss.bind.address = localhost
	jboss.bind.address.management = localhost
	jboss.home.dir = C:\Users\Evgeny\eclipse-workspace1\wildfly-14.0.1.Final\wildfly-14.0.1.Final
	jboss.host.name = laptop-h8er5l3u
	jboss.modules.dir = C:\Users\Evgeny\eclipse-workspace1\wildfly-14.0.1.Final\wildfly-14.0.1.Final\modules
	jboss.modules.system.pkgs = org.jboss.byteman
	jboss.node.name = laptop-h8er5l3u
	jboss.qualified.host.name = laptop-h8er5l3u
	jboss.server.base.dir = C:\Users\Evgeny\eclipse-workspace1\wildfly-14.0.1.Final\wildfly-14.0.1.Final\standalone
	jboss.server.config.dir = C:\Users\Evgeny\eclipse-workspace1\wildfly-14.0.1.Final\wildfly-14.0.1.Final\standalone\configuration
	jboss.server.data.dir = C:\Users\Evgeny\eclipse-workspace1\wildfly-14.0.1.Final\wildfly-14.0.1.Final\standalone\data
	jboss.server.deploy.dir = C:\Users\Evgeny\eclipse-workspace1\wildfly-14.0.1.Final\wildfly-14.0.1.Final\standalone\data\content
	jboss.server.log.dir = C:\Users\Evgeny\eclipse-workspace1\wildfly-14.0.1.Final\wildfly-14.0.1.Final\standalone\log
	jboss.server.name = laptop-h8er5l3u
	jboss.server.persist.config = true
	jboss.server.temp.dir = C:\Users\Evgeny\eclipse-workspace1\wildfly-14.0.1.Final\wildfly-14.0.1.Final\standalone\tmp
	line.separator = 

	logging.configuration = file:C:\Users\Evgeny\eclipse-workspace1\wildfly-14.0.1.Final\wildfly-14.0.1.Final\standalone\configuration\logging.properties
	module.path = C:\Users\Evgeny\eclipse-workspace1\wildfly-14.0.1.Final\wildfly-14.0.1.Final\modules
	org.jboss.boot.log.file = C:\Users\Evgeny\eclipse-workspace1\wildfly-14.0.1.Final\wildfly-14.0.1.Final\standalone\log\boot.log
	org.jboss.logmanager.nocolor = true
	org.jboss.resolver.warning = true
	os.arch = amd64
	os.name = Windows 10
	os.version = 10.0
	path.separator = ;
	program.name = JBossTools: WildFly 14
	sun.arch.data.model = 64
	sun.boot.class.path = C:\Program Files\Java\jre1.8.0_181\lib\resources.jar;C:\Program Files\Java\jre1.8.0_181\lib\rt.jar;C:\Program Files\Java\jre1.8.0_181\lib\sunrsasign.jar;C:\Program Files\Java\jre1.8.0_181\lib\jsse.jar;C:\Program Files\Java\jre1.8.0_181\lib\jce.jar;C:\Program Files\Java\jre1.8.0_181\lib\charsets.jar;C:\Program Files\Java\jre1.8.0_181\lib\jfr.jar;C:\Program Files\Java\jre1.8.0_181\classes
	sun.boot.library.path = C:\Program Files\Java\jre1.8.0_181\bin
	sun.cpu.endian = little
	sun.cpu.isalist = amd64
	sun.desktop = windows
	sun.io.unicode.encoding = UnicodeLittle
	sun.java.command = org.jboss.modules.Main -mp C:\Users\Evgeny\eclipse-workspace1\wildfly-14.0.1.Final\wildfly-14.0.1.Final\modules org.jboss.as.standalone -b localhost --server-config=standalone-full.xml -Djboss.server.base.dir=C:\Users\Evgeny\eclipse-workspace1\wildfly-14.0.1.Final\wildfly-14.0.1.Final\standalone
	sun.java.launcher = SUN_STANDARD
	sun.jnu.encoding = Cp1252
	sun.management.compiler = HotSpot 64-Bit Tiered Compilers
	sun.os.patch.level = 
	sun.rmi.dgc.client.gcInterval = 3600000
	sun.rmi.dgc.server.gcInterval = 3600000
	user.country = US
	user.dir = C:\Users\Evgeny\eclipse-workspace1\wildfly-14.0.1.Final\wildfly-14.0.1.Final\bin
	user.home = C:\Users\Evgeny
	user.language = en
	user.name = Evgeny
	user.script = 
	user.timezone = Asia/Jerusalem
	user.variant = 
2018-12-15 17:37:52,567 DEBUG [org.jboss.as.config] (MSC service thread 1-2) VM Arguments: -Dprogram.name=JBossTools: WildFly 14 -Xms64m -Xmx512m -Dorg.jboss.resolver.warning=true -Djava.net.preferIPv4Stack=true -Dsun.rmi.dgc.client.gcInterval=3600000 -Dsun.rmi.dgc.server.gcInterval=3600000 -Djboss.modules.system.pkgs=org.jboss.byteman -Djava.awt.headless=true -Dorg.jboss.boot.log.file=C:\Users\Evgeny\eclipse-workspace1\wildfly-14.0.1.Final\wildfly-14.0.1.Final\standalone\log\boot.log -Dlogging.configuration=file:C:\Users\Evgeny\eclipse-workspace1\wildfly-14.0.1.Final\wildfly-14.0.1.Final\standalone\configuration\logging.properties -Djboss.home.dir=C:\Users\Evgeny\eclipse-workspace1\wildfly-14.0.1.Final\wildfly-14.0.1.Final -Dorg.jboss.logmanager.nocolor=true -Djboss.bind.address.management=localhost -Dfile.encoding=Cp1252 
2018-12-15 17:37:53,844 INFO  [org.wildfly.security] (ServerService Thread Pool -- 28) ELY00001: WildFly Elytron version 1.6.0.Final
2018-12-15 17:37:54,656 INFO  [org.jboss.as.controller.management-deprecated] (Controller Boot Thread) WFLYCTL0028: Attribute 'security-realm' in the resource at address '/core-service=management/management-interface=http-interface' is deprecated, and may be removed in a future version. See the attribute description in the output of the read-resource-description operation to learn more about the deprecation.
2018-12-15 17:37:54,687 INFO  [org.jboss.as.controller.management-deprecated] (ServerService Thread Pool -- 26) WFLYCTL0028: Attribute 'security-realm' in the resource at address '/subsystem=undertow/server=default-server/https-listener=https' is deprecated, and may be removed in a future version. See the attribute description in the output of the read-resource-description operation to learn more about the deprecation.
2018-12-15 17:37:54,796 INFO  [org.jboss.as.server.deployment.scanner] (DeploymentScanner-threads - 1) WFLYDS0004: Found ApplicationPipe.ear in deployment directory. To trigger deployment create a file called ApplicationPipe.ear.dodeploy
2018-12-15 17:37:54,859 INFO  [org.jboss.as.server] (Controller Boot Thread) WFLYSRV0039: Creating http management service using socket-binding (management-http)
2018-12-15 17:37:54,886 INFO  [org.xnio] (MSC service thread 1-7) XNIO version 3.6.5.Final
2018-12-15 17:37:54,902 INFO  [org.xnio.nio] (MSC service thread 1-7) XNIO NIO Implementation Version 3.6.5.Final
2018-12-15 17:37:55,010 INFO  [org.jboss.as.connector.subsystems.datasources] (ServerService Thread Pool -- 44) WFLYJCA0004: Deploying JDBC-compliant driver class org.h2.Driver (version 1.4)
2018-12-15 17:37:55,088 INFO  [org.wildfly.iiop.openjdk] (ServerService Thread Pool -- 51) WFLYIIOP0001: Activating IIOP Subsystem
2018-12-15 17:37:55,151 INFO  [org.jboss.as.clustering.infinispan] (ServerService Thread Pool -- 52) WFLYCLINF0001: Activating Infinispan subsystem.
2018-12-15 17:37:55,198 INFO  [org.jboss.as.jaxrs] (ServerService Thread Pool -- 54) WFLYRS0016: RESTEasy version 3.6.1.Final
2018-12-15 17:37:55,213 INFO  [org.jboss.as.connector] (MSC service thread 1-5) WFLYJCA0009: Starting JCA Subsystem (WildFly/IronJacamar 1.4.11.Final)
2018-12-15 17:37:55,229 INFO  [org.jboss.as.connector.deployers.jdbc] (MSC service thread 1-5) WFLYJCA0018: Started Driver service with driver-name = h2
2018-12-15 17:37:55,244 INFO  [org.jboss.as.jsf] (ServerService Thread Pool -- 59) WFLYJSF0007: Activated the following JSF Implementations: [main]
2018-12-15 17:37:55,244 INFO  [org.jboss.as.mail.extension] (MSC service thread 1-3) WFLYMAIL0002: Unbound mail session [java:jboss/mail/Default]
2018-12-15 17:37:55,260 INFO  [org.wildfly.extension.microprofile.config.smallrye._private] (ServerService Thread Pool -- 63) WFLYCONF0001: Activating WildFly MicroProfile Config Subsystem
2018-12-15 17:37:55,260 INFO  [org.wildfly.extension.microprofile.health.smallrye] (ServerService Thread Pool -- 64) WFLYHEALTH0001: Activating Eclipse MicroProfile Health Subsystem
2018-12-15 17:37:55,276 INFO  [org.jboss.as.naming] (ServerService Thread Pool -- 66) WFLYNAM0001: Activating Naming Subsystem
2018-12-15 17:37:55,276 INFO  [org.wildfly.extension.microprofile.opentracing] (ServerService Thread Pool -- 65) WFLYTRACEXT0001: Activating MicroProfile OpenTracing Subsystem
2018-12-15 17:37:55,291 INFO  [org.jboss.as.security] (ServerService Thread Pool -- 72) WFLYSEC0002: Activating Security Subsystem
2018-12-15 17:37:55,291 INFO  [org.jboss.as.webservices] (ServerService Thread Pool -- 76) WFLYWS0002: Activating WebServices Extension
2018-12-15 17:37:55,323 WARN  [org.jboss.as.txn] (ServerService Thread Pool -- 74) WFLYTX0013: The node-identifier attribute on the /subsystem=transactions is set to the default value. This is a danger for environments running multiple servers. Please make sure the attribute value is unique.
2018-12-15 17:37:55,338 INFO  [org.jboss.as.security] (MSC service thread 1-2) WFLYSEC0001: Current PicketBox version=5.0.3.Final
2018-12-15 17:37:55,338 INFO  [org.wildfly.extension.undertow] (MSC service thread 1-4) WFLYUT0003: Undertow 2.0.13.Final starting
2018-12-15 17:37:55,385 INFO  [org.jboss.as.naming] (MSC service thread 1-5) WFLYNAM0003: Starting Naming Service
2018-12-15 17:37:55,385 INFO  [org.jboss.as.mail.extension] (MSC service thread 1-5) WFLYMAIL0001: Bound mail session [java:jboss/mail/Default]
2018-12-15 17:37:55,432 WARN  [org.apache.activemq.artemis.core.server] (ServerService Thread Pool -- 62) AMQ222269: Please use a fixed value for "journal-pool-files". Default changed per https://issues.apache.org/jira/browse/ARTEMIS-1628
2018-12-15 17:37:55,432 INFO  [org.apache.activemq.artemis.core.server] (ServerService Thread Pool -- 62) AMQ221075: Usage of wildcardRoutingEnabled configuration property is deprecated, please use wildCardConfiguration.enabled instead
2018-12-15 17:37:55,494 INFO  [org.jboss.as.connector.subsystems.datasources] (MSC service thread 1-3) WFLYJCA0010: Unbound data source [java:jboss/datasources/ExampleDS]
2018-12-15 17:37:55,886 INFO  [org.wildfly.extension.undertow] (ServerService Thread Pool -- 75) WFLYUT0014: Creating file handler for path 'C:\Users\Evgeny\eclipse-workspace1\wildfly-14.0.1.Final\wildfly-14.0.1.Final/welcome-content' with options [directory-listing: 'false', follow-symlink: 'false', case-sensitive: 'true', safe-symlink-paths: '[]']
2018-12-15 17:37:56,395 INFO  [org.wildfly.extension.io] (ServerService Thread Pool -- 53) WFLYIO001: Worker 'default' has auto-configured to 8 core threads with 64 task threads based on your 4 available processors
2018-12-15 17:37:56,395 INFO  [org.jboss.as.ejb3] (MSC service thread 1-4) WFLYEJB0481: Strict pool slsb-strict-max-pool is using a max instance size of 64 (per class), which is derived from thread worker pool sizing.
2018-12-15 17:37:56,395 INFO  [org.jboss.as.ejb3] (MSC service thread 1-8) WFLYEJB0482: Strict pool mdb-strict-max-pool is using a max instance size of 16 (per class), which is derived from the number of CPUs on this host.
2018-12-15 17:37:56,763 INFO  [org.jboss.as.patching] (MSC service thread 1-4) WFLYPAT0050: WildFly Full cumulative patch ID is: base, one-off patches include: none
2018-12-15 17:37:56,794 WARN  [org.jboss.as.domain.management.security] (MSC service thread 1-4) WFLYDM0111: Keystore C:\Users\Evgeny\eclipse-workspace1\wildfly-14.0.1.Final\wildfly-14.0.1.Final\standalone\configuration\application.keystore not found, it will be auto generated on first use with a self signed certificate for host localhost
2018-12-15 17:37:56,794 INFO  [org.wildfly.extension.undertow] (MSC service thread 1-4) WFLYUT0012: Started server default-server.
2018-12-15 17:37:56,810 INFO  [org.jboss.as.server.deployment.scanner] (MSC service thread 1-6) WFLYDS0013: Started FileSystemDeploymentService for directory C:\Users\Evgeny\eclipse-workspace1\wildfly-14.0.1.Final\wildfly-14.0.1.Final\standalone\deployments
2018-12-15 17:37:56,810 INFO  [org.wildfly.extension.undertow] (MSC service thread 1-6) WFLYUT0018: Host default-host starting
2018-12-15 17:37:56,810 INFO  [org.jboss.remoting] (MSC service thread 1-7) JBoss Remoting version 5.0.8.Final
2018-12-15 17:37:56,834 INFO  [org.jboss.as.server.deployment] (MSC service thread 1-4) WFLYSRV0027: Starting deployment of "ApplicationPipe.ear" (runtime-name: "ApplicationPipe.ear")
2018-12-15 17:37:56,902 INFO  [org.wildfly.extension.undertow] (MSC service thread 1-6) WFLYUT0006: Undertow HTTP listener default listening on 127.0.0.1:8080
2018-12-15 17:37:56,992 INFO  [org.wildfly.extension.messaging-activemq] (MSC service thread 1-6) WFLYMSGAMQ0001: AIO wasn't located on this platform, it will fall back to using pure Java NIO.
2018-12-15 17:37:57,099 INFO  [org.jboss.as.ejb3] (MSC service thread 1-2) WFLYEJB0493: EJB subsystem suspension complete
2018-12-15 17:37:57,180 INFO  [org.apache.activemq.artemis.core.server] (ServerService Thread Pool -- 78) AMQ221000: live Message Broker is starting with configuration Broker Configuration (clustered=false,journalDirectory=C:\Users\Evgeny\eclipse-workspace1\wildfly-14.0.1.Final\wildfly-14.0.1.Final\standalone\data\activemq\journal,bindingsDirectory=C:\Users\Evgeny\eclipse-workspace1\wildfly-14.0.1.Final\wildfly-14.0.1.Final\standalone\data\activemq\bindings,largeMessagesDirectory=C:\Users\Evgeny\eclipse-workspace1\wildfly-14.0.1.Final\wildfly-14.0.1.Final\standalone\data\activemq\largemessages,pagingDirectory=C:\Users\Evgeny\eclipse-workspace1\wildfly-14.0.1.Final\wildfly-14.0.1.Final\standalone\data\activemq\paging)
2018-12-15 17:37:57,222 INFO  [org.apache.activemq.artemis.core.server] (ServerService Thread Pool -- 78) AMQ221013: Using NIO Journal
2018-12-15 17:37:57,238 INFO  [org.jboss.as.connector.subsystems.datasources] (MSC service thread 1-5) WFLYJCA0001: Bound data source [java:jboss/datasources/ExampleDS]
2018-12-15 17:37:57,300 INFO  [org.wildfly.iiop.openjdk] (MSC service thread 1-3) WFLYIIOP0009: CORBA ORB Service started
2018-12-15 17:37:57,347 INFO  [org.apache.activemq.artemis.core.server] (ServerService Thread Pool -- 78) AMQ221057: Global Max Size is being adjusted to 1/2 of the JVM max size (-Xmx). being defined as 238,813,184
2018-12-15 17:37:57,378 INFO  [org.apache.activemq.artemis.core.server] (ServerService Thread Pool -- 78) AMQ221043: Protocol module found: [artemis-server]. Adding protocol support for: CORE
2018-12-15 17:37:57,394 INFO  [org.apache.activemq.artemis.core.server] (ServerService Thread Pool -- 78) AMQ221043: Protocol module found: [artemis-amqp-protocol]. Adding protocol support for: AMQP
2018-12-15 17:37:57,394 INFO  [org.apache.activemq.artemis.core.server] (ServerService Thread Pool -- 78) AMQ221043: Protocol module found: [artemis-hornetq-protocol]. Adding protocol support for: HORNETQ
2018-12-15 17:37:57,394 INFO  [org.apache.activemq.artemis.core.server] (ServerService Thread Pool -- 78) AMQ221043: Protocol module found: [artemis-stomp-protocol]. Adding protocol support for: STOMP
2018-12-15 17:37:57,456 INFO  [org.apache.activemq.artemis.core.server] (ServerService Thread Pool -- 78) AMQ221034: Waiting indefinitely to obtain live lock
2018-12-15 17:37:57,456 INFO  [org.apache.activemq.artemis.core.server] (ServerService Thread Pool -- 78) AMQ221035: Live Server Obtained live lock
2018-12-15 17:37:57,628 INFO  [org.wildfly.extension.undertow] (MSC service thread 1-1) WFLYUT0006: Undertow HTTPS listener https listening on 127.0.0.1:8443
2018-12-15 17:37:57,706 INFO  [org.jboss.ws.common.management] (MSC service thread 1-3) JBWS022052: Starting JBossWS 5.2.3.Final (Apache CXF 3.2.5.jbossorg-1) 
2018-12-15 17:37:57,894 INFO  [org.wildfly.extension.messaging-activemq] (MSC service thread 1-2) WFLYMSGAMQ0016: Registered HTTP upgrade for activemq-remoting protocol handled by http-acceptor acceptor
2018-12-15 17:37:57,894 INFO  [org.wildfly.extension.messaging-activemq] (MSC service thread 1-6) WFLYMSGAMQ0016: Registered HTTP upgrade for activemq-remoting protocol handled by http-acceptor-throughput acceptor
2018-12-15 17:37:57,894 INFO  [org.wildfly.extension.messaging-activemq] (MSC service thread 1-1) WFLYMSGAMQ0016: Registered HTTP upgrade for activemq-remoting protocol handled by http-acceptor acceptor
2018-12-15 17:37:57,894 INFO  [org.wildfly.extension.messaging-activemq] (MSC service thread 1-3) WFLYMSGAMQ0016: Registered HTTP upgrade for activemq-remoting protocol handled by http-acceptor-throughput acceptor
2018-12-15 17:37:58,045 INFO  [org.apache.activemq.artemis.core.server] (ServerService Thread Pool -- 78) AMQ221007: Server is now live
2018-12-15 17:37:58,045 INFO  [org.apache.activemq.artemis.core.server] (ServerService Thread Pool -- 78) AMQ221001: Apache ActiveMQ Artemis Message Broker version 2.6.3.jbossorg-001 [default, nodeID=b55cbd26-0078-11e9-9642-e0946794510b] 
2018-12-15 17:37:58,076 INFO  [org.wildfly.extension.messaging-activemq] (ServerService Thread Pool -- 78) WFLYMSGAMQ0002: Bound messaging object to jndi name java:/ConnectionFactory
2018-12-15 17:37:58,092 INFO  [org.wildfly.extension.messaging-activemq] (MSC service thread 1-8) WFLYMSGAMQ0006: Unbound messaging object to jndi name java:jboss/DefaultJMSConnectionFactory
2018-12-15 17:37:58,092 INFO  [org.wildfly.extension.messaging-activemq] (ServerService Thread Pool -- 81) WFLYMSGAMQ0002: Bound messaging object to jndi name java:jboss/exported/jms/RemoteConnectionFactory
2018-12-15 17:37:58,170 INFO  [org.jboss.as.connector.deployment] (MSC service thread 1-3) WFLYJCA0007: Registered connection factory java:/JmsXA
2018-12-15 17:37:58,170 INFO  [org.jboss.as.connector.deployment] (MSC service thread 1-4) WFLYJCA0011: Unbound JCA ConnectionFactory [java:/JmsXA]
2018-12-15 17:37:58,301 INFO  [org.apache.activemq.artemis.ra] (MSC service thread 1-3) AMQ151007: Resource adaptor started
2018-12-15 17:37:58,301 INFO  [org.jboss.as.connector.services.resourceadapters.ResourceAdapterActivatorService$ResourceAdapterActivator] (MSC service thread 1-3) IJ020002: Deployed: file://RaActivatoractivemq-ra
2018-12-15 17:37:58,305 INFO  [org.jboss.as.connector.deployment] (MSC service thread 1-6) WFLYJCA0002: Bound JCA ConnectionFactory [java:/JmsXA]
2018-12-15 17:37:58,305 INFO  [org.wildfly.extension.messaging-activemq] (MSC service thread 1-3) WFLYMSGAMQ0002: Bound messaging object to jndi name java:jboss/DefaultJMSConnectionFactory
2018-12-15 17:37:58,460 INFO  [org.infinispan.factories.GlobalComponentRegistry] (MSC service thread 1-5) ISPN000128: Infinispan version: Infinispan 'Estrella Galicia' 9.3.1.Final
2018-12-15 17:37:58,663 INFO  [org.jboss.as.clustering.infinispan] (ServerService Thread Pool -- 81) WFLYCLINF0002: Started client-mappings cache from ejb container
2018-12-15 17:37:58,741 INFO  [org.jboss.as.server] (ServerService Thread Pool -- 45) WFLYSRV0010: Deployed "ApplicationPipe.ear" (runtime-name : "ApplicationPipe.ear")
2018-12-15 17:37:58,866 INFO  [org.jboss.as.server] (Controller Boot Thread) WFLYSRV0212: Resuming server
2018-12-15 17:37:58,866 INFO  [org.jboss.as] (Controller Boot Thread) WFLYSRV0060: Http management interface listening on http://127.0.0.1:9990/management
2018-12-15 17:37:58,866 INFO  [org.jboss.as] (Controller Boot Thread) WFLYSRV0051: Admin console listening on http://127.0.0.1:9990
2018-12-15 17:37:58,882 INFO  [org.jboss.as] (Controller Boot Thread) WFLYSRV0025: WildFly Full 14.0.1.Final (WildFly Core 6.0.2.Final) started in 7545ms - Started 412 of 598 services (340 services are lazy, passive or on-demand)
